<?xml version="1.0" encoding="UTF-8"?>
<testsuite name="com.smartscity.ratelimit.inmemory.concurrent.InMemoryConcurrentSyncRequestRateLimiterTest" tests="4" skipped="0" failures="0" errors="0" timestamp="2018-01-12T07:42:42" hostname="smartscity.local" time="1.238">
  <properties/>
  <testcase name="shouldPreventConcurrentRequestsWithWeight" classname="com.smartscity.ratelimit.inmemory.concurrent.InMemoryConcurrentSyncRequestRateLimiterTest" time="0.219"/>
  <testcase name="shouldDoWork" classname="com.smartscity.ratelimit.inmemory.concurrent.InMemoryConcurrentSyncRequestRateLimiterTest" time="0.016"/>
  <testcase name="shouldPreventConcurrentRequests" classname="com.smartscity.ratelimit.inmemory.concurrent.InMemoryConcurrentSyncRequestRateLimiterTest" time="0.001"/>
  <testcase name="shouldTimeOutUnclosedBaton" classname="com.smartscity.ratelimit.inmemory.concurrent.InMemoryConcurrentSyncRequestRateLimiterTest" time="1.001"/>
  <system-out><![CDATA[]]></system-out>
  <system-err><![CDATA[]]></system-err>
</testsuite>
