<?xml version="1.0" encoding="UTF-8"?>
<testsuite name="com.smartscity.ratelimit.inmemory.request.RequestLimitRuleTest" tests="6" skipped="0" failures="0" errors="0" timestamp="2018-01-12T07:42:43" hostname="smartscity.local" time="0.011">
  <properties/>
  <testcase name="shouldHavePrecisionOf10" classname="com.smartscity.ratelimit.inmemory.request.RequestLimitRuleTest" time="0.001"/>
  <testcase name="shouldHaveDuration1Seconds" classname="com.smartscity.ratelimit.inmemory.request.RequestLimitRuleTest" time="0.0"/>
  <testcase name="shouldDefaultPrecisionToEqualDuration" classname="com.smartscity.ratelimit.inmemory.request.RequestLimitRuleTest" time="0.0"/>
  <testcase name="shouldHaveDuration60Seconds" classname="com.smartscity.ratelimit.inmemory.request.RequestLimitRuleTest" time="0.0"/>
  <testcase name="shouldHaveLimit5" classname="com.smartscity.ratelimit.inmemory.request.RequestLimitRuleTest" time="0.002"/>
  <testcase name="shouldHaveNameOfBoom" classname="com.smartscity.ratelimit.inmemory.request.RequestLimitRuleTest" time="0.007"/>
  <system-out><![CDATA[]]></system-out>
  <system-err><![CDATA[]]></system-err>
</testsuite>
